[debug] [2026-05-17T19:20:51.499Z] ----------------------------------------------------------------------
[debug] [2026-05-17T19:20:51.501Z] Command:       C:\Program Files\nodejs\node.exe C:\Users\RicPA\AppData\Roaming\npm\node_modules\firebase-tools\lib\bin\firebase.js deploy --only functions
[debug] [2026-05-17T19:20:51.502Z] CLI Version:   15.18.0
[debug] [2026-05-17T19:20:51.502Z] Platform:      win32
[debug] [2026-05-17T19:20:51.502Z] Node Version:  v22.16.0
[debug] [2026-05-17T19:20:51.502Z] Time:          Sun May 17 2026 15:20:51 GMT-0400 (Eastern Daylight Time)
[debug] [2026-05-17T19:20:51.502Z] ----------------------------------------------------------------------
[debug] 
[debug] [2026-05-17T19:20:53.597Z] Field "/functions" in "firebase.json" is possibly invalid: must be object
[debug] [2026-05-17T19:20:53.598Z] Field "/functions" in "firebase.json" is possibly invalid: must be object
[debug] [2026-05-17T19:20:53.598Z] Object "/functions/0" in "firebase.json" has unknown property: {"additionalProperty":"secrets"}
[debug] [2026-05-17T19:20:53.598Z] Object "/functions/0" in "firebase.json" is missing required property: {"missingProperty":"remoteSource"}
[debug] [2026-05-17T19:20:53.598Z] Field "/functions/0" in "firebase.json" is possibly invalid: must match a schema in anyOf
[debug] [2026-05-17T19:20:53.598Z] Field "/functions" in "firebase.json" is possibly invalid: must match a schema in anyOf
[debug] [2026-05-17T19:20:53.601Z] > command requires scopes: ["email","openid","https://www.googleapis.com/auth/cloudplatformprojects.readonly","https://www.googleapis.com/auth/firebase","https://www.googleapis.com/auth/cloud-platform"]
[debug] [2026-05-17T19:20:53.601Z] > authorizing via signed-in user (ricardo.adams.jr@gmail.com)
[debug] [2026-05-17T19:20:53.601Z] [iam] checking project msaas-9e82a for permissions ["cloudfunctions.functions.create","cloudfunctions.functions.delete","cloudfunctions.functions.get","cloudfunctions.functions.list","cloudfunctions.functions.update","cloudfunctions.operations.get","firebase.projects.get"]
[debug] [2026-05-17T19:20:53.602Z] Checked if tokens are valid: true, expires at: 1779049144327
[debug] [2026-05-17T19:20:53.602Z] Checked if tokens are valid: true, expires at: 1779049144327
[debug] [2026-05-17T19:20:53.603Z] >>> [apiv2][query] POST https://cloudresourcemanager.googleapis.com/v1/projects/msaas-9e82a:testIamPermissions [none]
[debug] [2026-05-17T19:20:53.603Z] >>> [apiv2][(partial)header] POST https://cloudresourcemanager.googleapis.com/v1/projects/msaas-9e82a:testIamPermissions  x-goog-user-project=msaas-9e82a
[debug] [2026-05-17T19:20:53.603Z] >>> [apiv2][body] POST https://cloudresourcemanager.googleapis.com/v1/projects/msaas-9e82a:testIamPermissions {"permissions":["cloudfunctions.functions.create","cloudfunctions.functions.delete","cloudfunctions.functions.get","cloudfunctions.functions.list","cloudfunctions.functions.update","cloudfunctions.operations.get","firebase.projects.get"]}
[debug] [2026-05-17T19:20:53.798Z] <<< [apiv2][status] POST https://cloudresourcemanager.googleapis.com/v1/projects/msaas-9e82a:testIamPermissions 200
[debug] [2026-05-17T19:20:53.798Z] <<< [apiv2][body] POST https://cloudresourcemanager.googleapis.com/v1/projects/msaas-9e82a:testIamPermissions {"permissions":["cloudfunctions.functions.create","cloudfunctions.functions.delete","cloudfunctions.functions.get","cloudfunctions.functions.list","cloudfunctions.functions.update","cloudfunctions.operations.get","firebase.projects.get"]}
[debug] [2026-05-17T19:20:53.798Z] Checked if tokens are valid: true, expires at: 1779049144327
[debug] [2026-05-17T19:20:53.798Z] Checked if tokens are valid: true, expires at: 1779049144327
[debug] [2026-05-17T19:20:53.798Z] >>> [apiv2][query] POST https://iam.googleapis.com/v1/projects/msaas-9e82a/serviceAccounts/msaas-9e82a@appspot.gserviceaccount.com:testIamPermissions [none]
[debug] [2026-05-17T19:20:53.798Z] >>> [apiv2][body] POST https://iam.googleapis.com/v1/projects/msaas-9e82a/serviceAccounts/msaas-9e82a@appspot.gserviceaccount.com:testIamPermissions {"permissions":["iam.serviceAccounts.actAs"]}
[debug] [2026-05-17T19:20:53.948Z] <<< [apiv2][status] POST https://iam.googleapis.com/v1/projects/msaas-9e82a/serviceAccounts/msaas-9e82a@appspot.gserviceaccount.com:testIamPermissions 200
[debug] [2026-05-17T19:20:53.948Z] <<< [apiv2][body] POST https://iam.googleapis.com/v1/projects/msaas-9e82a/serviceAccounts/msaas-9e82a@appspot.gserviceaccount.com:testIamPermissions {"permissions":["iam.serviceAccounts.actAs"]}
[info] 
[info] === Deploying to 'msaas-9e82a'...
[info] 
[info] i  deploying functions 
[debug] [2026-05-17T19:20:53.950Z] Checked if tokens are valid: true, expires at: 1779049144327
[debug] [2026-05-17T19:20:53.950Z] Checked if tokens are valid: true, expires at: 1779049144327
[debug] [2026-05-17T19:20:53.950Z] >>> [apiv2][query] GET https://cloudresourcemanager.googleapis.com/v1/projects/msaas-9e82a [none]
[debug] [2026-05-17T19:20:54.073Z] <<< [apiv2][status] GET https://cloudresourcemanager.googleapis.com/v1/projects/msaas-9e82a 200
[debug] [2026-05-17T19:20:54.073Z] <<< [apiv2][body] GET https://cloudresourcemanager.googleapis.com/v1/projects/msaas-9e82a {"projectNumber":"297322776876","projectId":"msaas-9e82a","lifecycleState":"ACTIVE","name":"MSaaS","labels":{"firebase":"enabled","firebase-core":"disabled"},"createTime":"2026-02-28T06:03:14.449630Z"}
[info] i  functions: preparing codebase default for deployment 
[info] i  functions: ensuring required API cloudfunctions.googleapis.com is enabled... 
[info] i  functions: ensuring required API cloudbuild.googleapis.com is enabled... 
[info] i  artifactregistry: ensuring required API artifactregistry.googleapis.com is enabled... 
[debug] [2026-05-17T19:20:54.076Z] Checked if tokens are valid: true, expires at: 1779049144327
[debug] [2026-05-17T19:20:54.076Z] Checked if tokens are valid: true, expires at: 1779049144327
[debug] [2026-05-17T19:20:54.076Z] >>> [apiv2][query] GET https://firebase.googleapis.com/v1beta1/projects/msaas-9e82a/adminSdkConfig [none]
[debug] [2026-05-17T19:20:55.461Z] <<< [apiv2][status] GET https://firebase.googleapis.com/v1beta1/projects/msaas-9e82a/adminSdkConfig 200
[debug] [2026-05-17T19:20:55.461Z] <<< [apiv2][body] GET https://firebase.googleapis.com/v1beta1/projects/msaas-9e82a/adminSdkConfig {"projectId":"msaas-9e82a","storageBucket":"msaas-9e82a.firebasestorage.app"}
[debug] [2026-05-17T19:20:55.462Z] Validating nodejs source
[warn] !  functions: Runtime Node.js 20 was deprecated on 2026-04-30 and will be decommissioned on 2026-10-30, after which you will not be able to deploy without upgrading. Consider upgrading now to avoid disruption. See https://cloud.google.com/functions/docs/runtime-support for full details on the lifecycle policy 
[warn] !  functions: Couldn't find firebase-functions package in your source code. Have you run 'npm install'? 
[debug] [2026-05-17T19:20:55.463Z] getFunctionsSDKVersion encountered error: Cannot find module 'firebase-functions'
Require stack:
- C:\Users\RicPA\AppData\Roaming\npm\node_modules\firebase-tools\lib\deploy\functions\runtimes\node\versioning.js
- C:\Users\RicPA\AppData\Roaming\npm\node_modules\firebase-tools\lib\deploy\functions\runtimes\node\index.js
- C:\Users\RicPA\AppData\Roaming\npm\node_modules\firebase-tools\lib\deploy\functions\runtimes\index.js
- C:\Users\RicPA\AppData\Roaming\npm\node_modules\firebase-tools\lib\deploy\functions\prepare.js
- C:\Users\RicPA\AppData\Roaming\npm\node_modules\firebase-tools\lib\emulator\functionsEmulatorShared.js
- C:\Users\RicPA\AppData\Roaming\npm\node_modules\firebase-tools\lib\frameworks\index.js
- C:\Users\RicPA\AppData\Roaming\npm\node_modules\firebase-tools\lib\deploy\hosting\prepare.js
- C:\Users\RicPA\AppData\Roaming\npm\node_modules\firebase-tools\lib\deploy\hosting\index.js
- C:\Users\RicPA\AppData\Roaming\npm\node_modules\firebase-tools\lib\deploy\index.js
- C:\Users\RicPA\AppData\Roaming\npm\node_modules\firebase-tools\lib\commands\deploy.js
- C:\Users\RicPA\AppData\Roaming\npm\node_modules\firebase-tools\lib\commands\index.js
- C:\Users\RicPA\AppData\Roaming\npm\node_modules\firebase-tools\lib\index.js
- C:\Users\RicPA\AppData\Roaming\npm\node_modules\firebase-tools\lib\bin\cli.js
- C:\Users\RicPA\AppData\Roaming\npm\node_modules\firebase-tools\lib\bin\firebase.js {"code":"MODULE_NOT_FOUND","requireStack":["C:\\Users\\RicPA\\AppData\\Roaming\\npm\\node_modules\\firebase-tools\\lib\\deploy\\functions\\runtimes\\node\\versioning.js","C:\\Users\\RicPA\\AppData\\Roaming\\npm\\node_modules\\firebase-tools\\lib\\deploy\\functions\\runtimes\\node\\index.js","C:\\Users\\RicPA\\AppData\\Roaming\\npm\\node_modules\\firebase-tools\\lib\\deploy\\functions\\runtimes\\index.js","C:\\Users\\RicPA\\AppData\\Roaming\\npm\\node_modules\\firebase-tools\\lib\\deploy\\functions\\prepare.js","C:\\Users\\RicPA\\AppData\\Roaming\\npm\\node_modules\\firebase-tools\\lib\\emulator\\functionsEmulatorShared.js","C:\\Users\\RicPA\\AppData\\Roaming\\npm\\node_modules\\firebase-tools\\lib\\frameworks\\index.js","C:\\Users\\RicPA\\AppData\\Roaming\\npm\\node_modules\\firebase-tools\\lib\\deploy\\hosting\\prepare.js","C:\\Users\\RicPA\\AppData\\Roaming\\npm\\node_modules\\firebase-tools\\lib\\deploy\\hosting\\index.js","C:\\Users\\RicPA\\AppData\\Roaming\\npm\\node_modules\\firebase-tools\\lib\\deploy\\index.js","C:\\Users\\RicPA\\AppData\\Roaming\\npm\\node_modules\\firebase-tools\\lib\\commands\\deploy.js","C:\\Users\\RicPA\\AppData\\Roaming\\npm\\node_modules\\firebase-tools\\lib\\commands\\index.js","C:\\Users\\RicPA\\AppData\\Roaming\\npm\\node_modules\\firebase-tools\\lib\\index.js","C:\\Users\\RicPA\\AppData\\Roaming\\npm\\node_modules\\firebase-tools\\lib\\bin\\cli.js","C:\\Users\\RicPA\\AppData\\Roaming\\npm\\node_modules\\firebase-tools\\lib\\bin\\firebase.js"]}
[debug] [2026-05-17T19:20:55.464Z] checkFunctionsSDKVersion encountered error: Invalid Version:  {}
[debug] [2026-05-17T19:20:55.464Z] > [functions] package.json contents: {
  "name": "functions",
  "description": "Cloud Functions for Firebase",
  "scripts": {
    "serve": "firebase emulators:start --only functions",
    "shell": "firebase functions:shell",
    "start": "npm run shell",
    "deploy": "firebase deploy --only functions",
    "logs": "firebase functions:log"
  },
  "engines": {
    "node": "24"
  },
  "main": "index.js",
  "dependencies": {
    "axios": "^1.16.0",
    "cors": "^2.8.6",
    "firebase-admin": "^13.6.0",
    "firebase-functions": "^7.0.0",
    "stripe": "^22.1.1"
  },
  "devDependencies": {
    "firebase-functions-test": "^3.4.1"
  },
  "private": true
}
[debug] [2026-05-17T19:20:55.465Z] Building nodejs source
[info] i  functions: Loading and analyzing source code for codebase default to determine what to deploy 
[debug] [2026-05-17T19:20:55.465Z] Could not parse firebase-functions version '' into semver.
[debug] [2026-05-17T19:20:55.465Z] Could not find functions.yaml. Must use http discovery
[debug] [2026-05-17T19:20:55.546Z] Error: Cannot find module 'firebase-functions'
Require stack:
- C:\Users\RicPA\AppData\Roaming\npm\node_modules\firebase-tools\lib\deploy\functions\runtimes\node\index.js
- C:\Users\RicPA\AppData\Roaming\npm\node_modules\firebase-tools\lib\deploy\functions\runtimes\index.js
- C:\Users\RicPA\AppData\Roaming\npm\node_modules\firebase-tools\lib\deploy\functions\prepare.js
- C:\Users\RicPA\AppData\Roaming\npm\node_modules\firebase-tools\lib\emulator\functionsEmulatorShared.js
- C:\Users\RicPA\AppData\Roaming\npm\node_modules\firebase-tools\lib\frameworks\index.js
- C:\Users\RicPA\AppData\Roaming\npm\node_modules\firebase-tools\lib\deploy\hosting\prepare.js
- C:\Users\RicPA\AppData\Roaming\npm\node_modules\firebase-tools\lib\deploy\hosting\index.js
- C:\Users\RicPA\AppData\Roaming\npm\node_modules\firebase-tools\lib\deploy\index.js
- C:\Users\RicPA\AppData\Roaming\npm\node_modules\firebase-tools\lib\commands\deploy.js
- C:\Users\RicPA\AppData\Roaming\npm\node_modules\firebase-tools\lib\commands\index.js
- C:\Users\RicPA\AppData\Roaming\npm\node_modules\firebase-tools\lib\index.js
- C:\Users\RicPA\AppData\Roaming\npm\node_modules\firebase-tools\lib\bin\cli.js
- C:\Users\RicPA\AppData\Roaming\npm\node_modules\firebase-tools\lib\bin\firebase.js
    at Function._resolveFilename (node:internal/modules/cjs/loader:1401:15)
    at Function.resolve (node:internal/modules/helpers:145:19)
    at Delegate.findFunctionsBinary (C:\Users\RicPA\AppData\Roaming\npm\node_modules\firebase-tools\lib\deploy\functions\runtimes\node\index.js:101:33)
    at Delegate.spawnFunctionsProcess (C:\Users\RicPA\AppData\Roaming\npm\node_modules\firebase-tools\lib\deploy\functions\runtimes\node\index.js:131:30)
    at Delegate.serveAdmin (C:\Users\RicPA\AppData\Roaming\npm\node_modules\firebase-tools\lib\deploy\functions\runtimes\node\index.js:152:35)
    at Delegate.discoverBuild (C:\Users\RicPA\AppData\Roaming\npm\node_modules\firebase-tools\lib\deploy\functions\runtimes\node\index.js:192:41)
    at process.processTicksAndRejections (node:internal/process/task_queues:105:5)
    at async loadCodebases (C:\Users\RicPA\AppData\Roaming\npm\node_modules\firebase-tools\lib\deploy\functions\prepare.js:491:33)
    at async prepare (C:\Users\RicPA\AppData\Roaming\npm\node_modules\firebase-tools\lib\deploy\functions\prepare.js:80:24)
    at async chain (C:\Users\RicPA\AppData\Roaming\npm\node_modules\firebase-tools\lib\deploy\index.js:45:9)
[error] 
[error] Error: An unexpected error has occurred.
